User Reference Map for ../model/model

body 0 is thorax
body 1 is clavicle_1
body 2 is clavicle_2
body 3 is clavicle_r
body 4 is scapula_1
body 5 is scapula_2
body 6 is scapula_r
body 7 is humerus_1
body 8 is humerus_2
body 9 is humerus_r
body 10 is ulna_r
body 11 is radius_r

q = 0 corresponds to joint 7 (GH_y)
q = 1 corresponds to joint 8 (GH_z)
q = 2 corresponds to joint 9 (GH_yy)
q = 3 corresponds to joint 10 (EL_x)
q = 4 corresponds to joint 11 (PS_y)

muscle 0 is delt_scap_1
muscle 1 is delt_scap_2
muscle 2 is delt_scap_3
muscle 3 is delt_scap_4
muscle 4 is delt_scap_5
muscle 5 is delt_scap_6
muscle 6 is delt_scap_7
muscle 7 is delt_scap_8
muscle 8 is delt_scap_9
muscle 9 is delt_scap10
muscle 10 is delt_scap11
muscle 11 is delt_clav_1
muscle 12 is delt_clav_2
muscle 13 is delt_clav_3
muscle 14 is delt_clav_4
muscle 15 is coracobr_1
muscle 16 is coracobr_2
muscle 17 is coracobr_3
muscle 18 is infra_1
muscle 19 is infra_2
muscle 20 is infra_3
muscle 21 is infra_4
muscle 22 is infra_5
muscle 23 is infra_6
muscle 24 is ter_min_1
muscle 25 is ter_min_2
muscle 26 is ter_min_3
muscle 27 is ter_maj_1
muscle 28 is ter_maj_2
muscle 29 is ter_maj_3
muscle 30 is ter_maj_4
muscle 31 is supra_1
muscle 32 is supra_2
muscle 33 is supra_3
muscle 34 is supra_4
muscle 35 is subscap_1
muscle 36 is subscap_2
muscle 37 is subscap_3
muscle 38 is subscap_4
muscle 39 is subscap_5
muscle 40 is subscap_6
muscle 41 is subscap_7
muscle 42 is subscap_8
muscle 43 is subscap_9
muscle 44 is subscap10
muscle 45 is subscap11
muscle 46 is bic_l
muscle 47 is bic_b_1
muscle 48 is bic_b_2
muscle 49 is tric_l_1
muscle 50 is tric_l_2
muscle 51 is tric_l_3
muscle 52 is tric_l_4
muscle 53 is lat_dorsi_1
muscle 54 is lat_dorsi_2
muscle 55 is lat_dorsi_3
muscle 56 is lat_dorsi_4
muscle 57 is lat_dorsi_5
muscle 58 is lat_dorsi_6
muscle 59 is pect_maj_t_1
muscle 60 is pect_maj_t_2
muscle 61 is pect_maj_t_3
muscle 62 is pect_maj_t_4
muscle 63 is pect_maj_t_5
muscle 64 is pect_maj_t_6
muscle 65 is pect_maj_c_1
muscle 66 is pect_maj_c_2
muscle 67 is tric_med_1
muscle 68 is tric_med_2
muscle 69 is tric_med_3
muscle 70 is tric_med_4
muscle 71 is tric_med_5
muscle 72 is brachialis_1
muscle 73 is brachialis_2
muscle 74 is brachialis_3
muscle 75 is brachialis_4
muscle 76 is brachialis_5
muscle 77 is brachialis_6
muscle 78 is brachialis_7
muscle 79 is brachiorad_1
muscle 80 is brachiorad_2
muscle 81 is brachiorad_3
muscle 82 is pron_teres_1
muscle 83 is pron_teres_2
muscle 84 is supinator_1
muscle 85 is supinator_2
muscle 86 is supinator_3
muscle 87 is supinator_4
muscle 88 is supinator_5
muscle 89 is pron_quad_1
muscle 90 is pron_quad_2
muscle 91 is pron_quad_3
muscle 92 is tric_lat_1
muscle 93 is tric_lat_2
muscle 94 is tric_lat_3
muscle 95 is tric_lat_4
muscle 96 is tric_lat_5
muscle 97 is anconeus_1
muscle 98 is anconeus_2
muscle 99 is anconeus_3
muscle 100 is anconeus_4
muscle 101 is anconeus_5
